<?xml version="1.0" encoding="UTF-8"?>
<!-- Generated by org.testng.reporters.JUnitReportReporter -->
<testsuite hostname="LAPTOP-IBLQSD5G" failures="0" tests="5" name="testCases.TC003_LoginDDT" time="36.750" errors="0" timestamp="2024-08-28T14:32:53 IST" skipped="0">
  <testcase classname="testCases.TC003_LoginDDT" name="verify_loginDDT" time="5.608"/>
  <system-out/>
  <testcase classname="testCases.TC003_LoginDDT" name="verify_loginDDT" time="5.443"/>
  <system-out/>
  <testcase classname="testCases.TC003_LoginDDT" name="verify_loginDDT" time="5.547"/>
  <system-out/>
  <testcase classname="testCases.TC003_LoginDDT" name="verify_loginDDT" time="14.458"/>
  <system-out/>
  <testcase classname="testCases.TC003_LoginDDT" name="verify_loginDDT" time="5.694"/>
  <system-out/>
</testsuite> <!-- testCases.TC003_LoginDDT -->
