<?xml version="1.0" encoding="UTF-8"?>
<!-- Generated by org.testng.reporters.JUnitReportReporter -->
<testsuite hostname="LAPTOP-IBLQSD5G" failures="0" tests="1" name="testCases.TC002_LoginTest" time="1.452" errors="0" timestamp="2024-08-29T22:26:29 IST" skipped="0">
  <testcase classname="testCases.TC002_LoginTest" name="verify_login" time="1.452"/>
  <system-out/>
</testsuite> <!-- testCases.TC002_LoginTest -->
