<?xml version="1.0" encoding="UTF-8"?>
<!-- Generated by org.testng.reporters.JUnitReportReporter -->
<testsuite hostname="LAPTOP-IBLQSD5G" failures="0" tests="1" name="testCases.TC002_LoginTest" time="1.476" errors="0" timestamp="2024-08-30T20:24:23 IST" skipped="0">
  <testcase classname="testCases.TC002_LoginTest" name="verify_login" time="1.476"/>
</testsuite> <!-- testCases.TC002_LoginTest -->
